<?xml version="1.0" encoding="UTF-8" ?>
<testsuites disabled="0" errors="0" failures="0" tests="9" time="1.252">
 <testsuite name="Auth API" timestamp="2023-11-14T19:41:22" hostname="localhost" time="0.644" errors="0" tests="3" skipped="0" disabled="0" failures="0">
  <testcase classname="Auth API" name="registers a new user" time="0.518" />
  <testcase classname="Auth API" name="logs in a user" time="0.121" />
  <testcase classname="Auth API" name="logs out a user" time="0.003" />
 </testsuite>
 <testsuite name="Article API" timestamp="2023-11-14T19:41:22" hostname="localhost" time="0.354" errors="0" tests="3" skipped="0" disabled="0" failures="0">
  <testcase classname="Article API" name="POST/article" time="0.156" />
  <testcase classname="Article API" name="GET/articles" time="0.045" />
  <testcase classname="Article API" name="GET/articles/:id" time="0.045" />
 </testsuite>
 <testsuite name="Profile API" timestamp="2023-11-14T19:41:23" hostname="localhost" time="0.254" errors="0" tests="3" skipped="0" disabled="0" failures="0">
  <testcase classname="Profile API" name="GET/headline" time="0.046" />
  <testcase classname="Profile API" name="GET/headline/:id?" time="0.043" />
  <testcase classname="Profile API" name="PUT/headline" time="0.046" />
 </testsuite>
</testsuites>